[19Dec2024 00:00:15.116] [Netty Epoll Server IO #2/INFO] [com.teampotato.redirector.Redirector/]: Redirecting net/minecraft/network/chat/FilterMask$Type
[19Dec2024 00:05:25.830] [Server thread/INFO] [com.teampotato.redirector.Redirector/]: Redirecting ovh/corail/tombstone/item/ItemCastableMagic$CastingTarget
[19Dec2024 00:05:29.813] [Server thread/INFO] [net.minecraft.server.MinecraftServer/]: 1N_ has reached the goal [Great minds think alike]
[19Dec2024 00:05:46.420] [Netty Epoll Server IO #2/INFO] [com.teampotato.redirector.Redirector/]: Redirecting ovh/corail/tombstone/network/SMessageUpgradePerk$SyncType
[19Dec2024 00:06:34.036] [Server thread/INFO] [net.minecraft.server.MinecraftServer/]: 1N_ has reached the goal [Die Classy]
[19Dec2024 00:10:21.341] [Server thread/INFO] [net.minecraft.server.MinecraftServer/]: 1N_ has made the advancement [Neighborhood Brawl]
[19Dec2024 00:11:21.273] [Server thread/INFO] [com.teampotato.redirector.Redirector/]: Redirecting net/p3pp3rf1y/sophisticatedcore/settings/main/Context
[19Dec2024 00:15:23.480] [Server thread/INFO] [net.minecraft.server.players.PlayerList/]: LastFist[/127.175.198.153:44413] logged in with entity id 16291 at (-189.73773922691345, 111.0, -343.30000001192093)
[19Dec2024 00:15:23.554] [Server thread/INFO] [net.minecraft.server.MinecraftServer/]: LastFist joined the game
[19Dec2024 00:15:23.580] [Server thread/INFO] [Jade/]: Syncing config to LastFist (6b21e182-7631-3fbc-8f23-4ba195d9581f)
[19Dec2024 00:15:25.584] [Server thread/INFO] [voicechat/]: [voicechat] Received secret request of LastFist (18)
[19Dec2024 00:15:25.585] [Server thread/INFO] [voicechat/]: [voicechat] Sent secret to LastFist
[19Dec2024 00:15:27.619] [VoiceChatPacketProcessingThread/INFO] [voicechat/]: [voicechat] Successfully authenticated player 6b21e182-7631-3fbc-8f23-4ba195d9581f
[19Dec2024 00:15:28.621] [VoiceChatPacketProcessingThread/INFO] [voicechat/]: [voicechat] Successfully validated connection of player 6b21e182-7631-3fbc-8f23-4ba195d9581f
[19Dec2024 00:15:28.621] [VoiceChatPacketProcessingThread/INFO] [voicechat/]: [voicechat] Player LastFist (6b21e182-7631-3fbc-8f23-4ba195d9581f) successfully connected to voice chat
[19Dec2024 00:17:21.605] [Server thread/INFO] [net.minecraft.world.entity.LivingEntity/]: Named entity Vex['Restless Spirit'/16432, l='ServerLevel[world]', x=-286.50, y=-20.00, z=-370.50] died: Restless Spirit was killed
[19Dec2024 00:17:59.943] [Server thread/INFO] [net.minecraft.server.MinecraftServer/]: [Not Secure] <LastFist> hablalo
[19Dec2024 00:18:02.696] [Server thread/INFO] [net.minecraft.server.MinecraftServer/]: [Not Secure] <1N_> q dice
[19Dec2024 00:18:08.683] [Server thread/INFO] [net.minecraft.server.MinecraftServer/]: [Not Secure] <1N_> y la gente
[19Dec2024 00:18:15.230] [Server thread/INFO] [net.minecraft.server.MinecraftServer/]: [Not Secure] <LastFist> ya les digo
[19Dec2024 00:20:01.109] [Server thread/INFO] [com.teampotato.redirector.Redirector/]: Redirecting com/github/alexthe666/citadel/server/entity/pathfinding/raycoms/PathFindingStatus
[19Dec2024 00:20:01.110] [Server thread/INFO] [com.teampotato.redirector.Redirector/]: Redirecting com/github/alexthe666/citadel/server/entity/pathfinding/raycoms/AbstractAdvancedPathNavigate$RestrictionType
[19Dec2024 00:20:01.113] [Citadel Pathfinding Worker #0/INFO] [com.teampotato.redirector.Redirector/]: Redirecting com/github/alexthe666/citadel/server/entity/pathfinding/raycoms/SurfaceType
[19Dec2024 00:20:21.266] [Server thread/INFO] [com.teampotato.redirector.Redirector/]: Redirecting net/minecraft/world/level/Level$ExplosionInteraction
[19Dec2024 00:20:48.229] [Server thread/INFO] [net.minecraft.server.MinecraftServer/]: LastFist has reached the goal [Piglin Pillage]
[19Dec2024 00:20:55.972] [Server thread/INFO] [net.minecraft.world.entity.LivingEntity/]: Named entity Piglin['Piglin Civilian'/18087, l='ServerLevel[world]', x=-572.50, y=58.00, z=-328.48] died: Piglin Civilian was slain by LastFist
[19Dec2024 00:21:41.226] [Server thread/INFO] [net.minecraft.world.entity.LivingEntity/]: Named entity Piglin['Piglin Civilian'/18266, l='ServerLevel[world]', x=-573.01, y=58.00, z=-303.66] died: Piglin Civilian was slain by LastFist
[19Dec2024 00:22:24.607] [Server thread/INFO] [net.minecraft.world.entity.LivingEntity/]: Named entity Vex['Restless Spirit'/18381, l='ServerLevel[world]', x=-499.65, y=-20.00, z=-354.46] died: Restless Spirit was killed
[19Dec2024 00:22:42.427] [Server thread/INFO] [net.minecraft.server.MinecraftServer/]: LastFist has made the advancement [Nightmare Fuel]
[19Dec2024 00:23:03.605] [Server thread/INFO] [net.minecraft.world.entity.LivingEntity/]: Named entity Vex['Restless Spirit'/19063, l='ServerLevel[world]', x=-506.98, y=-20.00, z=-322.85] died: Restless Spirit was killed
[19Dec2024 00:25:31.607] [Server thread/INFO] [net.minecraft.world.entity.LivingEntity/]: Named entity Vex['Restless Spirit'/23299, l='ServerLevel[world]', x=-530.50, y=-20.00, z=-330.50] died: Restless Spirit was killed
[19Dec2024 00:27:20.412] [Server thread/INFO] [net.minecraft.server.MinecraftServer/]: LastFist has made the advancement [Darude - Firestorm]
[19Dec2024 00:27:21.504] [Server thread/INFO] [com.teampotato.redirector.Redirector/]: Redirecting net/minecraft/server/commands/FillCommand$Mode
[19Dec2024 00:28:41.571] [Server thread/INFO] [net.minecraft.server.MinecraftServer/]: [Not Secure] <LastFist> diablo
[19Dec2024 00:28:43.532] [Server thread/INFO] [net.minecraft.server.MinecraftServer/]: [Not Secure] <1N_> q
[19Dec2024 00:28:53.176] [Server thread/INFO] [net.minecraft.server.MinecraftServer/]: [Not Secure] <LastFist> q tas haciendo
[19Dec2024 00:28:57.721] [Server thread/INFO] [net.minecraft.server.MinecraftServer/]: [Not Secure] <1N_> aki en base
[19Dec2024 00:29:02.118] [Server thread/INFO] [net.minecraft.server.MinecraftServer/]: [Not Secure] <LastFist> veni
[19Dec2024 00:29:09.620] [Server thread/INFO] [net.minecraft.server.MinecraftServer/]: [Not Secure] <1N_> 1 moment
[19Dec2024 00:29:30.624] [Server thread/INFO] [net.minecraft.server.MinecraftServer/]: LastFist has made the advancement [Light-Sensitive]
[19Dec2024 00:29:30.625] [Server thread/INFO] [net.minecraft.world.entity.LivingEntity/]: Named entity Blaze['Desert Blaze'/29681, l='ServerLevel[world]', x=-609.42, y=50.29, z=-42.71] died: Desert Blaze was slain by LastFist
[19Dec2024 00:29:51.421] [Server thread/INFO] [net.minecraft.server.MinecraftServer/]: LastFist has made the advancement [A Terrible Fortress]
[19Dec2024 00:29:56.379] [Server thread/INFO] [net.minecraft.server.MinecraftServer/]: [Not Secure] <LastFist> ah bueno
[19Dec2024 00:29:59.440] [Server thread/INFO] [net.minecraft.server.MinecraftServer/]: [Not Secure] <LastFist> es un nether fort
[19Dec2024 00:30:04.372] [Server thread/INFO] [net.minecraft.server.MinecraftServer/]: [Not Secure] <LastFist> pero en un bioma raro
[19Dec2024 00:31:28.817] [Server thread/WARN] [net.minecraft.server.MinecraftServer/]: Can't keep up! Is the server overloaded? Running 2467ms or 49 ticks behind
[19Dec2024 00:31:29.558] [Server thread/INFO] [net.minecraft.server.MinecraftServer/]: 1N_ has made the advancement [Darude - Firestorm]
[19Dec2024 00:31:29.558] [Server thread/INFO] [net.minecraft.server.MinecraftServer/]: 1N_ has made the advancement [A Terrible Fortress]
[19Dec2024 00:31:49.611] [Server thread/INFO] [net.minecraft.server.MinecraftServer/]: 1N_ has made the advancement [Spooky Scary Skeleton]
[19Dec2024 00:34:14.863] [Server thread/INFO] [net.minecraft.server.MinecraftServer/]: LastFist has made the advancement [Ancient Battlefield]
[19Dec2024 00:34:38.508] [Server thread/INFO] [net.minecraft.server.MinecraftServer/]: 1N_ has made the advancement [Ancient Battlefield]
[19Dec2024 00:34:50.697] [Server thread/INFO] [net.minecraft.server.MinecraftServer/]: 1N_ has reached the goal [Pocket Edition Alpha]
[19Dec2024 00:35:19.234] [Server thread/INFO] [net.minecraft.server.MinecraftServer/]: LastFist has reached the goal [Pocket Edition Alpha]
[19Dec2024 00:35:29.213] [Server thread/INFO] [net.minecraft.world.entity.LivingEntity/]: Named entity Ghast['Ghast Sentry'/34940, l='ServerLevel[world]', x=-867.59, y=45.00, z=75.11] died: Ghast Sentry was slain by 1N_ using [DESCULEADA]
[19Dec2024 00:35:32.511] [Server thread/INFO] [net.minecraft.server.MinecraftServer/]: 1N_ has made the advancement [Hellfire Mantle]
[19Dec2024 00:36:21.736] [Server thread/INFO] [net.minecraft.server.MinecraftServer/]: [Not Secure] <1N_> Q MRD DE LOT
[19Dec2024 00:36:42.965] [Server thread/INFO] [net.minecraft.server.MinecraftServer/]: [Not Secure] <LastFist> el escudo esta melo
[19Dec2024 00:36:52.868] [Server thread/INFO] [net.minecraft.server.MinecraftServer/]: LastFist has made the advancement [Hellfire Mantle]
[19Dec2024 00:36:54.539] [Server thread/INFO] [net.minecraft.server.MinecraftServer/]: [Not Secure] <1N_> Q ESCUDO
[19Dec2024 00:37:35.469] [Server thread/INFO] [net.minecraft.world.entity.LivingEntity/]: Named entity WitherSkeleton['Headless Warrior'/30026, l='ServerLevel[world]', x=-834.26, y=33.00, z=30.28] died: Headless Warrior was slain by 1N_ using [DESCULEADA]
[19Dec2024 00:38:56.718] [Netty Epoll Server IO #7/WARN] [com.connectivity.Connectivity/]: Packet:ServerboundBlockEntityTagQuery  id 1 larger than expected error detected, printing packet and buffer. Stacktrace gets logged after this
[19Dec2024 00:38:56.720] [Netty Epoll Server IO #7/WARN] [com.connectivity.Connectivity/]: Packet data:
{
  "f_133798_": 1,
  "f_133799_": "BlockPos{x=2622464, y=781, z=1073200}"
}
[19Dec2024 00:38:56.720] [Netty Epoll Server IO #7/WARN] [com.connectivity.Connectivity/]: Packet:PooledUnsafeDirectByteBuf  id 1 data of 11 extra bytes: 
[19Dec2024 00:38:56.721] [Netty Epoll Server IO #7/WARN] [com.connectivity.Connectivity/]: Packet data:
[
  "ej,G;YAM"
]
[19Dec2024 00:38:58.130] [Netty Epoll Server IO #0/WARN] [com.connectivity.Connectivity/]: Packet:ServerboundBlockEntityTagQuery  id 1 larger than expected error detected, printing packet and buffer. Stacktrace gets logged after this
[19Dec2024 00:38:58.130] [Netty Epoll Server IO #0/WARN] [com.connectivity.Connectivity/]: Packet data:
{
  "f_133798_": 1,
  "f_133799_": "BlockPos{x=2622464, y=1018, z=1073200}"
}
[19Dec2024 00:38:58.131] [Netty Epoll Server IO #0/WARN] [com.connectivity.Connectivity/]: Packet:PooledUnsafeDirectByteBuf  id 1 data of 11 extra bytes: 
[19Dec2024 00:38:58.131] [Netty Epoll Server IO #0/WARN] [com.connectivity.Connectivity/]: Packet data:
[
  "<partial numeric data>",
  "[113, 21, 107, 96, 28, 3, 108, 73, -49, 9, -30]"
]
[19Dec2024 00:39:00.206] [Netty Epoll Server IO #1/WARN] [com.connectivity.Connectivity/]: Packet:ServerboundBlockEntityTagQuery  id 1 larger than expected error detected, printing packet and buffer. Stacktrace gets logged after this
[19Dec2024 00:39:00.207] [Netty Epoll Server IO #1/WARN] [com.connectivity.Connectivity/]: Packet data:
{
  "f_133798_": 1,
  "f_133799_": "BlockPos{x=2622464, y=948, z=1073200}"
}
[19Dec2024 00:39:00.207] [Netty Epoll Server IO #1/WARN] [com.connectivity.Connectivity/]: Packet:PooledUnsafeDirectByteBuf  id 1 data of 11 extra bytes: 
[19Dec2024 00:39:00.208] [Netty Epoll Server IO #1/WARN] [com.connectivity.Connectivity/]: Packet data:
[
  "<partial numeric data>",
  "[-20, 86, 96, 67, -47, 14, 108, -1, 5, 94, -90]"
]
[19Dec2024 00:39:00.558] [Netty Epoll Server IO #3/WARN] [com.connectivity.Connectivity/]: Packet:ServerboundBlockEntityTagQuery  id 1 larger than expected error detected, printing packet and buffer. Stacktrace gets logged after this
[19Dec2024 00:39:00.561] [Netty Epoll Server IO #3/WARN] [com.connectivity.Connectivity/]: Packet data:
{
  "f_133798_": 1,
  "f_133799_": "BlockPos{x=2622464, y=877, z=1073200}"
}
[19Dec2024 00:39:00.562] [Netty Epoll Server IO #3/WARN] [com.connectivity.Connectivity/]: Packet:PooledUnsafeDirectByteBuf  id 1 data of 11 extra bytes: 
[19Dec2024 00:39:00.562] [Netty Epoll Server IO #3/WARN] [com.connectivity.Connectivity/]: Packet data:
[
  "<partial numeric data>",
  "[-2, -9, 124, -9, -27, -112, -2, -16, 51, -30, -49]"
]
[19Dec2024 00:39:00.701] [Netty Epoll Server IO #2/WARN] [com.connectivity.Connectivity/]: Packet:ServerboundBlockEntityTagQuery  id 1 larger than expected error detected, printing packet and buffer. Stacktrace gets logged after this
[19Dec2024 00:39:00.701] [Netty Epoll Server IO #2/WARN] [com.connectivity.Connectivity/]: Packet data:
{
  "f_133798_": 1,
  "f_133799_": "BlockPos{x=2622464, y=910, z=1073200}"
}
[19Dec2024 00:39:00.702] [Netty Epoll Server IO #2/WARN] [com.connectivity.Connectivity/]: Packet:PooledUnsafeDirectByteBuf  id 1 data of 118 extra bytes: 
[19Dec2024 00:39:00.703] [Netty Epoll Server IO #2/WARN] [com.connectivity.Connectivity/]: Packet data:
[
  "7'4ucDL1 \\rJwk&+/,0/524"
]
[19Dec2024 00:39:00.703] [Netty Epoll Server IO #2/WARN] [com.connectivity.Connectivity/]: Packet:ServerboundContainerButtonClickPacket  id 10 larger than expected error detected, printing packet and buffer. Stacktrace gets logged after this
[19Dec2024 00:39:00.704] [Netty Epoll Server IO #2/WARN] [com.connectivity.Connectivity/]: Packet data:
{
  "f_133923_": 55,
  "f_133924_": -117
}
[19Dec2024 00:39:00.704] [Netty Epoll Server IO #2/WARN] [com.connectivity.Connectivity/]: Packet:PooledUnsafeDirectByteBuf  id 10 data of 161 extra bytes: 
[19Dec2024 00:39:00.706] [Netty Epoll Server IO #2/WARN] [com.connectivity.Connectivity/]: Packet data:
[
  "'4ucDL1 \\rJwk&+/,0/524ip.gl.ply.gg"
]
[19Dec2024 00:39:01.509] [Netty Epoll Server IO #4/WARN] [com.connectivity.Connectivity/]: Packet:ServerboundBlockEntityTagQuery  id 1 larger than expected error detected, printing packet and buffer. Stacktrace gets logged after this
[19Dec2024 00:39:01.510] [Netty Epoll Server IO #4/WARN] [com.connectivity.Connectivity/]: Packet data:
{
  "f_133798_": 1,
  "f_133799_": "BlockPos{x=2622464, y=885, z=1073200}"
}
[19Dec2024 00:39:01.511] [Netty Epoll Server IO #4/WARN] [com.connectivity.Connectivity/]: Packet:PooledUnsafeDirectByteBuf  id 1 data of 11 extra bytes: 
[19Dec2024 00:39:01.512] [Netty Epoll Server IO #4/WARN] [com.connectivity.Connectivity/]: Packet data:
[
  "<partial numeric data>",
  "[-74, 80, -108, 39, -31, -123, 14, 74, -27, -119, -65]"
]
[19Dec2024 00:39:01.675] [Server thread/INFO] [net.minecraft.server.MinecraftServer/]: [Not Secure] <1N_> DIOS Q PUTA MRD
[19Dec2024 00:39:30.479] [Netty Epoll Server IO #5/WARN] [com.connectivity.Connectivity/]: Packet:ServerboundBlockEntityTagQuery  id 1 larger than expected error detected, printing packet and buffer. Stacktrace gets logged after this
[19Dec2024 00:39:30.480] [Netty Epoll Server IO #5/WARN] [com.connectivity.Connectivity/]: Packet data:
{
  "f_133798_": 1,
  "f_133799_": "BlockPos{x=5768192, y=793, z=1122352}"
}
[19Dec2024 00:39:30.480] [Netty Epoll Server IO #5/WARN] [com.connectivity.Connectivity/]: Packet:PooledUnsafeDirectByteBuf  id 1 data of 45 extra bytes: 
[19Dec2024 00:39:30.481] [Netty Epoll Server IO #5/WARN] [com.connectivity.Connectivity/]: Packet data:
[
  "=j9&N%Ir. ;C!E+"
]
[19Dec2024 00:39:30.481] [Netty Epoll Server IO #5/WARN] [com.connectivity.Connectivity/]: Packet:ServerboundSelectTradePacket  id 38 larger than expected error detected, printing packet and buffer. Stacktrace gets logged after this
[19Dec2024 00:39:30.482] [Netty Epoll Server IO #5/WARN] [com.connectivity.Connectivity/]: Packet data:
{
  "f_134459_": 382410
}
[19Dec2024 00:39:30.482] [Netty Epoll Server IO #5/WARN] [com.connectivity.Connectivity/]: Packet:PooledUnsafeDirectByteBuf  id 38 data of 153 extra bytes: 
[19Dec2024 00:39:30.482] [Netty Epoll Server IO #5/WARN] [com.connectivity.Connectivity/]: Packet data:
[
  "N%Ir. ;C!E+_}F9 H>2+/,0/5#'<24.ip.gl.ply.gg"
]
[19Dec2024 00:39:30.483] [Netty Epoll Server IO #5/WARN] [com.connectivity.Connectivity/]: Packet:ServerboundMoveVehiclePacket  id 24 larger than expected error detected, printing packet and buffer. Stacktrace gets logged after this
[19Dec2024 00:39:30.485] [Netty Epoll Server IO #5/WARN] [com.connectivity.Connectivity/]: Packet data:
{
  "f_134185_": 6.486907891520893E45,
  "f_134186_": -1.6900188880001209E283,
  "f_134187_": -1.8180078873675892E155,
  "f_134188_": 1.4991462E-25,
  "f_134189_": -2.867634E31
}
[19Dec2024 00:39:30.486] [Netty Epoll Server IO #5/WARN] [com.connectivity.Connectivity/]: Packet:PooledUnsafeDirectByteBuf  id 24 data of 137 extra bytes: 
[19Dec2024 00:39:30.487] [Netty Epoll Server IO #5/WARN] [com.connectivity.Connectivity/]: Packet data:
[
  "H>2+/,0/5#'<24.ip.gl.ply.gg"
]
[19Dec2024 00:39:52.525] [Server thread/INFO] [net.minecraft.server.MinecraftServer/]: 1N_ has made the advancement [Straddle My Ol' Saddle]
[19Dec2024 00:41:35.020] [Server thread/INFO] [net.minecraft.server.MinecraftServer/]: [LastFist: Gamerule sendCommandFeedback is now set to: false]
[19Dec2024 00:41:42.365] [Server thread/INFO] [net.minecraft.server.MinecraftServer/]: [LastFist: Gave 20 [Ender Pearl] to LastFist]
